{"/Users/pflanagan/peter/canvas/src/lib/cluster/cluster.ts": {"path":"/Users/pflanagan/peter/canvas/src/lib/cluster/cluster.ts","all":false,"statementMap":{"0":{"start":{"line":1,"column":0},"end":{"line":1,"column":35}},"1":{"start":{"line":2,"column":0},"end":{"line":2,"column":0}},"2":{"start":{"line":3,"column":0},"end":{"line":3,"column":69}},"3":{"start":{"line":4,"column":0},"end":{"line":4,"column":88}},"4":{"start":{"line":5,"column":0},"end":{"line":5,"column":0}},"5":{"start":{"line":6,"column":0},"end":{"line":6,"column":71}},"6":{"start":{"line":7,"column":0},"end":{"line":7,"column":0}},"7":{"start":{"line":8,"column":0},"end":{"line":8,"column":39}},"8":{"start":{"line":9,"column":0},"end":{"line":9,"column":75}},"9":{"start":{"line":10,"column":0},"end":{"line":10,"column":14}},"10":{"start":{"line":11,"column":0},"end":{"line":11,"column":27}},"11":{"start":{"line":12,"column":0},"end":{"line":12,"column":14}},"12":{"start":{"line":13,"column":0},"end":{"line":13,"column":34}},"13":{"start":{"line":14,"column":0},"end":{"line":14,"column":19}},"14":{"start":{"line":15,"column":0},"end":{"line":15,"column":3}},"15":{"start":{"line":16,"column":0},"end":{"line":16,"column":23}},"16":{"start":{"line":17,"column":0},"end":{"line":17,"column":70}},"17":{"start":{"line":18,"column":0},"end":{"line":18,"column":28}},"18":{"start":{"line":19,"column":0},"end":{"line":19,"column":56}},"19":{"start":{"line":20,"column":0},"end":{"line":20,"column":72}},"20":{"start":{"line":21,"column":0},"end":{"line":21,"column":87}},"21":{"start":{"line":22,"column":0},"end":{"line":22,"column":10}},"22":{"start":{"line":23,"column":0},"end":{"line":23,"column":21}},"23":{"start":{"line":24,"column":0},"end":{"line":24,"column":43}},"24":{"start":{"line":25,"column":0},"end":{"line":25,"column":4}},"25":{"start":{"line":26,"column":0},"end":{"line":26,"column":1}},"26":{"start":{"line":27,"column":0},"end":{"line":27,"column":0}},"27":{"start":{"line":28,"column":0},"end":{"line":28,"column":102}},"28":{"start":{"line":29,"column":0},"end":{"line":29,"column":14}},"29":{"start":{"line":30,"column":0},"end":{"line":30,"column":36}},"30":{"start":{"line":31,"column":0},"end":{"line":31,"column":23}},"31":{"start":{"line":32,"column":0},"end":{"line":32,"column":3}},"32":{"start":{"line":33,"column":0},"end":{"line":33,"column":71}},"33":{"start":{"line":34,"column":0},"end":{"line":34,"column":81}},"34":{"start":{"line":35,"column":0},"end":{"line":35,"column":78}},"35":{"start":{"line":36,"column":0},"end":{"line":36,"column":71}},"36":{"start":{"line":37,"column":0},"end":{"line":37,"column":29}},"37":{"start":{"line":38,"column":0},"end":{"line":38,"column":91}},"38":{"start":{"line":39,"column":0},"end":{"line":39,"column":42}},"39":{"start":{"line":40,"column":0},"end":{"line":40,"column":3}},"40":{"start":{"line":41,"column":0},"end":{"line":41,"column":67}},"41":{"start":{"line":42,"column":0},"end":{"line":42,"column":10}},"42":{"start":{"line":43,"column":0},"end":{"line":43,"column":10}},"43":{"start":{"line":44,"column":0},"end":{"line":44,"column":18}},"44":{"start":{"line":45,"column":0},"end":{"line":45,"column":4}},"45":{"start":{"line":46,"column":0},"end":{"line":46,"column":1}}},"s":{"0":1,"1":1,"2":1,"3":1,"4":1,"5":1,"6":1,"7":1,"8":8,"9":8,"10":8,"11":4,"12":4,"13":0,"14":0,"15":4,"16":4,"17":4,"18":4,"19":4,"20":4,"21":4,"22":4,"23":4,"24":4,"25":4,"26":1,"27":4,"28":4,"29":4,"30":0,"31":0,"32":4,"33":4,"34":4,"35":4,"36":0,"37":0,"38":0,"39":0,"40":4,"41":4,"42":4,"43":4,"44":4,"45":4},"branchMap":{"0":{"type":"branch","line":9,"loc":{"start":{"line":9,"column":0},"end":{"line":26,"column":1}},"locations":[{"start":{"line":9,"column":0},"end":{"line":26,"column":1}}]},"1":{"type":"branch","line":11,"loc":{"start":{"line":11,"column":26},"end":{"line":26,"column":1}},"locations":[{"start":{"line":11,"column":26},"end":{"line":26,"column":1}}]},"2":{"type":"branch","line":13,"loc":{"start":{"line":13,"column":33},"end":{"line":15,"column":3}},"locations":[{"start":{"line":13,"column":33},"end":{"line":15,"column":3}}]},"3":{"type":"branch","line":28,"loc":{"start":{"line":28,"column":0},"end":{"line":46,"column":1}},"locations":[{"start":{"line":28,"column":0},"end":{"line":46,"column":1}}]},"4":{"type":"branch","line":30,"loc":{"start":{"line":30,"column":35},"end":{"line":32,"column":3}},"locations":[{"start":{"line":30,"column":35},"end":{"line":32,"column":3}}]},"5":{"type":"branch","line":36,"loc":{"start":{"line":36,"column":70},"end":{"line":40,"column":3}},"locations":[{"start":{"line":36,"column":70},"end":{"line":40,"column":3}}]},"6":{"type":"branch","line":34,"loc":{"start":{"line":34,"column":58},"end":{"line":34,"column":79}},"locations":[{"start":{"line":34,"column":58},"end":{"line":34,"column":79}}]}},"b":{"0":[8],"1":[4],"2":[0],"3":[4],"4":[0],"5":[0],"6":[32]},"fnMap":{"0":{"name":"makeCluster","decl":{"start":{"line":9,"column":0},"end":{"line":26,"column":1}},"loc":{"start":{"line":9,"column":0},"end":{"line":26,"column":1}},"line":9},"1":{"name":"getGroupForItem","decl":{"start":{"line":28,"column":0},"end":{"line":46,"column":1}},"loc":{"start":{"line":28,"column":0},"end":{"line":46,"column":1}},"line":28}},"f":{"0":8,"1":4}}
}
