TN:
SF:src/lib/cluster/cluster.ts
FN:9,makeCluster
FN:28,getGroupForItem
FNF:2
FNH:2
FNDA:8,makeCluster
FNDA:4,getGroupForItem
DA:1,1
DA:2,1
DA:3,1
DA:4,1
DA:5,1
DA:6,1
DA:7,1
DA:8,1
DA:9,8
DA:10,8
DA:11,8
DA:12,4
DA:13,4
DA:14,0
DA:15,0
DA:16,4
DA:17,4
DA:18,4
DA:19,4
DA:20,4
DA:21,4
DA:22,4
DA:23,4
DA:24,4
DA:25,4
DA:26,4
DA:27,1
DA:28,4
DA:29,4
DA:30,4
DA:31,0
DA:32,0
DA:33,4
DA:34,4
DA:35,4
DA:36,4
DA:37,0
DA:38,0
DA:39,0
DA:40,0
DA:41,4
DA:42,4
DA:43,4
DA:44,4
DA:45,4
DA:46,4
LF:46
LH:38
BRDA:9,0,0,8
BRDA:11,1,0,4
BRDA:13,2,0,0
BRDA:28,3,0,4
BRDA:30,4,0,0
BRDA:36,5,0,0
BRDA:34,6,0,32
BRF:7
BRH:4
end_of_record
