TN:
SF:src/lib/cluster/cluster.ts
FN:9,makeCluster
FN:29,getGroupForItem
FNF:2
FNH:2
FNDA:12,makeCluster
FNDA:24,getGroupForItem
DA:1,1
DA:2,1
DA:3,1
DA:4,1
DA:5,1
DA:6,1
DA:7,1
DA:8,1
DA:9,12
DA:10,12
DA:11,12
DA:12,12
DA:13,3
DA:14,12
DA:15,1
DA:16,1
DA:17,8
DA:18,8
DA:19,8
DA:20,8
DA:21,8
DA:22,8
DA:23,8
DA:24,8
DA:25,8
DA:26,8
DA:27,8
DA:28,1
DA:29,24
DA:30,24
DA:31,24
DA:32,0
DA:33,0
DA:34,24
DA:35,24
DA:36,24
DA:37,24
DA:38,16
DA:39,16
DA:40,16
DA:41,16
DA:42,24
DA:43,24
DA:44,24
DA:45,24
DA:46,24
DA:47,24
LF:47
LH:45
BRDA:9,0,0,12
BRDA:12,1,0,3
BRDA:14,2,0,9
BRDA:14,3,0,1
BRDA:17,4,0,8
BRDA:29,5,0,24
BRDA:31,6,0,0
BRDA:37,7,0,20
BRDA:37,8,0,16
BRDA:35,9,0,106
BRF:10
BRH:9
end_of_record
TN:
SF:src/lib/util/Color.ts
FN:11,getRandomColor
FN:20,getRandomSimilarColor
FN:34,toString
FN:38,getAverageColor
FN:47,makeSpectrum
FNF:5
FNH:0
FNDA:0,getRandomColor
FNDA:0,getRandomSimilarColor
FNDA:0,toString
FNDA:0,getAverageColor
FNDA:0,makeSpectrum
DA:1,1
DA:2,1
DA:3,1
DA:4,1
DA:5,1
DA:6,1
DA:7,1
DA:8,1
DA:9,1
DA:10,1
DA:11,1
DA:12,0
DA:13,0
DA:14,0
DA:15,0
DA:16,0
DA:17,0
DA:18,0
DA:19,1
DA:20,1
DA:21,0
DA:22,0
DA:23,0
DA:24,0
DA:25,0
DA:26,0
DA:27,0
DA:28,0
DA:29,0
DA:30,0
DA:31,0
DA:32,0
DA:33,1
DA:34,1
DA:35,0
DA:36,0
DA:37,1
DA:38,1
DA:39,0
DA:40,0
DA:41,0
DA:42,0
DA:43,0
DA:44,0
DA:45,0
DA:46,1
DA:47,1
DA:48,0
DA:49,0
DA:50,0
DA:51,0
DA:52,0
DA:53,0
DA:54,0
DA:55,0
DA:56,0
DA:57,0
DA:58,0
DA:59,0
DA:60,0
DA:61,0
DA:62,0
DA:63,0
DA:64,0
DA:65,0
DA:66,0
DA:67,1
LF:67
LH:20
BRF:0
BRH:0
end_of_record
TN:
SF:src/lib/util/Geometry.ts
FN:7,distance
FN:20,ellipseCircleIntersection
FN:40,<instance_members_initializer>
FN:43,LinearFormula
FN:48,calc
FN:54,<instance_members_initializer>
FN:57,QuadraticFormula
FN:62,calc
FNF:8
FNH:0
FNDA:0,distance
FNDA:0,ellipseCircleIntersection
FNDA:0,<instance_members_initializer>
FNDA:0,LinearFormula
FNDA:0,calc
FNDA:0,<instance_members_initializer>
FNDA:0,QuadraticFormula
FNDA:0,calc
DA:1,1
DA:2,1
DA:3,1
DA:4,1
DA:5,1
DA:6,1
DA:7,1
DA:8,1
DA:9,1
DA:10,1
DA:11,1
DA:12,1
DA:13,1
DA:14,1
DA:15,1
DA:16,1
DA:17,1
DA:18,1
DA:19,1
DA:20,1
DA:21,0
DA:22,0
DA:23,0
DA:24,0
DA:25,0
DA:26,0
DA:27,0
DA:28,0
DA:29,0
DA:30,0
DA:31,0
DA:32,0
DA:33,0
DA:34,0
DA:35,0
DA:36,0
DA:37,0
DA:38,1
DA:39,1
DA:40,1
DA:41,1
DA:42,1
DA:43,1
DA:44,0
DA:45,0
DA:46,0
DA:47,1
DA:48,1
DA:49,0
DA:50,0
DA:51,1
DA:52,1
DA:53,1
DA:54,1
DA:55,1
DA:56,1
DA:57,1
DA:58,0
DA:59,0
DA:60,0
DA:61,1
DA:62,1
DA:63,0
DA:64,0
DA:65,0
DA:66,1
LF:66
LH:38
BRDA:40,0,0,0
BRDA:54,1,0,0
BRF:2
BRH:0
end_of_record
TN:
SF:src/lib/util/Random.ts
FN:4,number
FN:8,prop
FN:15,float
FN:19,boolean
FN:23,odds
FN:27,color
FN:31,subset
FN:45,shuffle
FN:55,insert
FNF:9
FNH:0
FNDA:0,number
FNDA:0,prop
FNDA:0,float
FNDA:0,boolean
FNDA:0,odds
FNDA:0,color
FNDA:0,subset
FNDA:0,shuffle
FNDA:0,insert
DA:1,1
DA:2,1
DA:3,1
DA:4,1
DA:5,0
DA:6,0
DA:7,1
DA:8,1
DA:9,0
DA:10,0
DA:11,0
DA:12,0
DA:13,0
DA:14,1
DA:15,1
DA:16,0
DA:17,0
DA:18,1
DA:19,1
DA:20,0
DA:21,0
DA:22,1
DA:23,1
DA:24,0
DA:25,0
DA:26,1
DA:27,1
DA:28,0
DA:29,0
DA:30,1
DA:31,1
DA:32,0
DA:33,0
DA:34,0
DA:35,0
DA:36,0
DA:37,0
DA:38,0
DA:39,0
DA:40,0
DA:41,0
DA:42,0
DA:43,0
DA:44,1
DA:45,1
DA:46,0
DA:47,0
DA:48,0
DA:49,0
DA:50,0
DA:51,0
DA:52,0
DA:53,0
DA:54,1
DA:55,1
DA:56,0
DA:57,0
DA:58,0
DA:59,1
LF:59
LH:21
BRF:0
BRH:0
end_of_record
TN:
SF:src/lib/util/Registry.ts
FN:3,<instance_members_initializer>
FN:6,Registry
FN:11,contains
FN:16,add
FN:21,get
FN:26,getAll
FNF:6
FNH:0
FNDA:0,<instance_members_initializer>
FNDA:0,Registry
FNDA:0,contains
FNDA:0,add
FNDA:0,get
FNDA:0,getAll
DA:1,1
DA:2,1
DA:3,1
DA:4,1
DA:5,1
DA:6,1
DA:7,0
DA:8,0
DA:9,0
DA:10,1
DA:11,1
DA:12,0
DA:13,0
DA:14,0
DA:15,1
DA:16,1
DA:17,0
DA:18,0
DA:19,0
DA:20,1
DA:21,1
DA:22,0
DA:23,0
DA:24,0
DA:25,1
DA:26,1
DA:27,0
DA:28,0
DA:29,1
LF:29
LH:15
BRDA:3,0,0,0
BRF:1
BRH:0
end_of_record
TN:
SF:src/lib/util/Timing.ts
FN:2,sleep
FNF:1
FNH:1
FNDA:34,sleep
DA:1,1
DA:2,34
DA:3,34
DA:4,34
LF:4
LH:4
BRDA:2,0,0,34
BRDA:3,1,0,34
BRF:2
BRH:2
end_of_record
TN:
SF:src/lib/util/index.ts
FNF:0
FNH:0
DA:1,1
DA:2,1
DA:3,1
DA:4,1
DA:5,1
DA:6,1
LF:6
LH:6
BRF:0
BRH:0
end_of_record
